2018-07-02 18:01:39 :: [test.csv] Начало импорта. Статус: в процессе.
2018-07-02 18:17:00 :: [test.csv] Начало импорта. Статус: в процессе.
2018-07-02 18:17:05 :: [test.csv] Завершен с ошибкой. Статус: готово.
2018-07-02 18:31:02 :: [test.csv] Начало импорта. Статус: в процессе.
2018-07-02 18:31:08 :: [test.csv] Завершен с ошибкой. Статус: готово.
2018-07-02 18:33:32 :: [test.csv] Начало импорта. Статус: в процессе.
2018-07-02 18:33:38 :: [test.csv] Завершен с ошибкой. Статус: готово.
2018-07-02 18:37:58 :: [test.csv] Начало импорта. Статус: в процессе.
2018-07-02 18:38:04 :: [test.csv] Завершен с ошибкой. Статус: готово.
2018-07-02 18:39:50 :: [test.csv] Начало импорта. Статус: в процессе.
2018-07-02 18:39:56 :: [test.csv] Завершен с ошибкой. Статус: готово.
2018-07-02 18:41:49 :: [test.csv] Начало импорта. Статус: в процессе.
2018-07-02 18:41:55 :: [test.csv] Завершен с ошибкой. Статус: готово.
2018-07-02 18:43:08 :: [test.csv] Начало импорта. Статус: в процессе.
2018-07-02 18:43:14 :: [test.csv] Завершен с ошибкой. Статус: готово.
2018-07-02 18:44:15 :: [test.csv] Начало импорта. Статус: в процессе.
2018-07-02 18:44:20 :: [test.csv] Завершен с ошибкой. Статус: готово.
2018-07-02 18:45:29 :: [test.csv] Начало импорта. Статус: в процессе.
2018-07-02 18:45:35 :: [test.csv] Завершен с ошибкой. Статус: готово.
2018-07-02 18:46:34 :: [test.csv] Начало импорта. Статус: в процессе.
2018-07-02 18:46:40 :: [test.csv] Завершен с ошибкой. Статус: готово.
2018-07-02 18:51:01 :: [test.csv] Начало импорта. Статус: в процессе.
2018-07-02 18:51:07 :: [test.csv] Завершен с ошибкой. Статус: готово.
2018-07-02 19:18:28 :: [test.csv] Начало импорта. Статус: в процессе.
2018-07-02 19:18:34 :: [test.csv] Завершен с ошибкой. Статус: готово.
2018-07-02 19:23:01 :: [test.csv] Начало импорта. Статус: в процессе.
2018-07-02 19:23:07 :: [test.csv] Завершен с ошибкой. Статус: готово.
2018-07-02 19:24:16 :: [test.csv] Начало импорта. Статус: в процессе.
2018-07-02 19:24:22 :: [test.csv] Завершен с ошибкой. Статус: готово.
2018-07-02 19:26:04 :: [test.csv] Начало импорта. Статус: в процессе.
2018-07-02 19:26:10 :: [test.csv] Завершен с ошибкой. Статус: готово.
2018-07-02 19:27:49 :: [test.csv] Начало импорта. Статус: в процессе.
2018-07-02 19:27:55 :: [test.csv] Завершен с ошибкой. Статус: готово.
2018-07-02 19:31:16 :: [test.csv] Начало импорта. Статус: в процессе.
2018-07-02 19:31:22 :: [test.csv] Завершен с ошибкой. Статус: готово.
2018-07-02 19:33:25 :: [test.csv] Начало импорта. Статус: в процессе.
2018-07-02 19:33:31 :: [test.csv] Завершен с ошибкой. Статус: готово.
2018-07-02 19:34:44 :: [test.csv] Начало импорта. Статус: в процессе.
2018-07-02 19:34:50 :: [test.csv] Завершен с ошибкой. Статус: готово.
2018-07-02 19:37:41 :: [test.csv] Начало импорта. Статус: в процессе.
2018-07-02 19:37:47 :: [test.csv] Завершен с ошибкой. Статус: готово.
2018-07-02 19:38:48 :: [test.csv] Начало импорта. Статус: в процессе.
2018-07-02 19:38:54 :: [test.csv] Завершен с ошибкой. Статус: готово.
2018-07-02 19:40:09 :: [test.csv] Начало импорта. Статус: в процессе.
2018-07-02 19:40:14 :: [test.csv] Завершен с ошибкой. Статус: готово.
2018-07-02 19:40:29 :: [test.csv] Начало импорта. Статус: в процессе.
2018-07-02 19:40:34 :: [test.csv] Завершен с ошибкой. Статус: готово.
2018-07-02 19:41:23 :: [test.csv] Начало импорта. Статус: в процессе.
2018-07-02 19:41:29 :: [test.csv] Завершен с ошибкой. Статус: готово.
2018-07-02 19:43:38 :: [test.csv] Начало импорта. Статус: в процессе.
2018-07-02 19:43:43 :: [test.csv] Завершен с ошибкой. Статус: готово.
2018-07-02 19:44:52 :: [test.csv] Начало импорта. Статус: в процессе.
2018-07-02 19:45:08 :: [test.csv] Завершен успешно. Создано комплексов: . Обновлено комплексов: . Создано квартир: . Обновлено квартир: . Статус: готово.
2018-07-02 19:46:27 :: [test.csv] Начало импорта. Статус: в процессе.
2018-07-02 19:47:26 :: [test.csv] Завершен успешно. Создано комплексов: . Обновлено комплексов: . Создано квартир: . Обновлено квартир: . Статус: готово.
2018-07-02 19:50:25 :: [test.csv] Начало импорта. Статус: в процессе.
2018-07-02 19:51:22 :: [test.csv] Завершен успешно. Создано комплексов: . Обновлено комплексов: . Создано квартир: . Обновлено квартир: . Статус: готово.
2018-07-02 19:52:08 :: [test.csv] Начало импорта. Статус: в процессе.
2018-07-02 19:53:06 :: [test.csv] Завершен успешно. Создано комплексов: . Обновлено комплексов: . Создано квартир: . Обновлено квартир: . Статус: готово.
2018-07-02 19:53:39 :: [test.csv] Начало импорта. Статус: в процессе.
2018-07-02 19:54:35 :: [test.csv] Завершен успешно. Создано комплексов: . Обновлено комплексов: . Создано квартир: . Обновлено квартир: . Статус: готово.
2018-07-02 19:56:36 :: [test.csv] Начало импорта. Статус: в процессе.
2018-07-02 19:57:33 :: [test.csv] Завершен успешно. Создано комплексов: . Обновлено комплексов: . Создано квартир: . Обновлено квартир: . Статус: готово.
При копировании файлов возникла ошибка.
 :: [] Завершен с ошибками. Создано комплексов: . Обновлено комплексов: . Создано квартир: . Обновлено квартир: . Статус: готово.
 :: [] Завершен с ошибками. Создано комплексов: 0. Обновлено комплексов: 6739. Создано квартир: 0. Обновлено квартир: 0. Статус: готово.
При копировании файлов возникла ошибка.
 :: [] Завершен с ошибками. Создано комплексов: 0. Обновлено комплексов: 6739. Создано квартир: 0. Обновлено квартир: 0. Статус: готово.
 :: [] Завершен с ошибками. Создано комплексов: 0. Обновлено комплексов: 6739. Создано квартир: 0. Обновлено квартир: 0. Статус: готово.
 :: [] Завершен с ошибками. Создано комплексов: 0. Обновлено комплексов: 6739. Создано квартир: 0. Обновлено квартир: 0. Статус: готово.
 :: [] Завершен с ошибками. Создано комплексов: 0. Обновлено комплексов: 6739. Создано квартир: 0. Обновлено квартир: 0. Статус: готово.
 :: [] Завершен с ошибками. Создано комплексов: 0. Обновлено комплексов: 6739. Создано квартир: 0. Обновлено квартир: 0. Статус: готово.
